# JRE version: Java(TM) SE Runtime Environment (17.0.12+8) (build 17.0.12+8-LTS-286)
# Java VM: Java HotSpot(TM) 64-Bit Server VM (17.0.12+8-LTS-286, mixed mode, sharing, tiered, compressed oops, compressed class ptrs, g1 gc, windows-amd64)
GC Precious Log:
 CPUs: 12 total, 12 available
 Memory: 7528M
 Large Page Support: Disabled
 NUMA Support: Disabled
 Compressed Oops: Enabled (32-bit)
 Heap Region Size: 1M
 Heap Min Capacity: 8M
 Heap Initial Capacity: 118M
 Heap Max Capacity: 2G
 Pre-touch: Disabled
 Parallel Workers: 10
 Concurrent Workers: 3
 Concurrent Refinement Workers: 10
 Periodic GC: Disabled
Heap:
 garbage-first heap   total 336896K, used 280068K [0x0000000080000000, 0x0000000100000000)
  region size 1024K, 3 young (3072K), 3 survivors (3072K)
 Metaspace       used 112516K, committed 114176K, reserved 557056K
  class space    used 15619K, committed 16384K, reserved 425984K
GC Heap History (20 events):
Event: 42.885 GC heap after
{Heap after GC invocations=75 (full 0):
 garbage-first heap   total 336896K, used 268325K [0x0000000080000000, 0x0000000100000000)
  region size 1024K, 4 young (4096K), 4 survivors (4096K)
 Metaspace       used 112340K, committed 113984K, reserved 557056K
  class space    used 15598K, committed 16384K, reserved 425984K
}
Event: 43.195 GC heap before
{Heap before GC invocations=75 (full 0):
 garbage-first heap   total 336896K, used 291877K [0x0000000080000000, 0x0000000100000000)
  region size 1024K, 28 young (28672K), 4 survivors (4096K)
 Metaspace       used 112410K, committed 114048K, reserved 557056K
  class space    used 15604K, committed 16384K, reserved 425984K
}
Event: 43.199 GC heap after
{Heap after GC invocations=76 (full 0):
 garbage-first heap   total 336896K, used 270042K [0x0000000080000000, 0x0000000100000000)
  region size 1024K, 4 young (4096K), 4 survivors (4096K)
 Metaspace       used 112410K, committed 114048K, reserved 557056K
  class space    used 15604K, committed 16384K, reserved 425984K
}
Event: 43.389 GC heap before
{Heap before GC invocations=76 (full 0):
 garbage-first heap   total 336896K, used 291546K [0x0000000080000000, 0x0000000100000000)
  region size 1024K, 26 young (26624K), 4 survivors (4096K)
 Metaspace       used 112411K, committed 114048K, reserved 557056K
  class space    used 15604K, committed 16384K, reserved 425984K
}
Event: 43.394 GC heap after
{Heap after GC invocations=77 (full 0):
 garbage-first heap   total 336896K, used 271643K [0x0000000080000000, 0x0000000100000000)
  region size 1024K, 3 young (3072K), 3 survivors (3072K)
 Metaspace       used 112411K, committed 114048K, reserved 557056K
  class space    used 15604K, committed 16384K, reserved 425984K
}
Event: 43.593 GC heap before
{Heap before GC invocations=77 (full 0):
 garbage-first heap   total 336896K, used 292123K [0x0000000080000000, 0x0000000100000000)
  region size 1024K, 24 young (24576K), 3 survivors (3072K)
 Metaspace       used 112448K, committed 114048K, reserved 557056K
  class space    used 15613K, committed 16384K, reserved 425984K
}
Event: 43.598 GC heap after
{Heap after GC invocations=78 (full 0):
 garbage-first heap   total 336896K, used 273740K [0x0000000080000000, 0x0000000100000000)
  region size 1024K, 3 young (3072K), 3 survivors (3072K)
 Metaspace       used 112448K, committed 114048K, reserved 557056K
  class space    used 15613K, committed 16384K, reserved 425984K
}
Event: 43.838 GC heap before
{Heap before GC invocations=78 (full 0):
 garbage-first heap   total 336896K, used 292172K [0x0000000080000000, 0x0000000100000000)
  region size 1024K, 22 young (22528K), 3 survivors (3072K)
 Metaspace       used 112508K, committed 114176K, reserved 557056K
  class space    used 15619K, committed 16384K, reserved 425984K
}
Event: 43.843 GC heap after
{Heap after GC invocations=79 (full 0):
 garbage-first heap   total 336896K, used 275066K [0x0000000080000000, 0x0000000100000000)
  region size 1024K, 2 young (2048K), 2 survivors (2048K)
 Metaspace       used 112508K, committed 114176K, reserved 557056K
  class space    used 15619K, committed 16384K, reserved 425984K
}
Event: 43.991 GC heap before
{Heap before GC invocations=79 (full 0):
 garbage-first heap   total 336896K, used 293498K [0x0000000080000000, 0x0000000100000000)
  region size 1024K, 21 young (21504K), 2 survivors (2048K)
 Metaspace       used 112510K, committed 114176K, reserved 557056K
  class space    used 15619K, committed 16384K, reserved 425984K
}
Event: 43.994 GC heap after
{Heap after GC invocations=80 (full 0):
 garbage-first heap   total 336896K, used 277033K [0x0000000080000000, 0x0000000100000000)
  region size 1024K, 3 young (3072K), 3 survivors (3072K)
 Metaspace       used 112510K, committed 114176K, reserved 557056K
  class space    used 15619K, committed 16384K, reserved 425984K
}
Event: 44.119 GC heap before
{Heap before GC invocations=80 (full 0):
 garbage-first heap   total 336896K, used 294441K [0x0000000080000000, 0x0000000100000000)
  region size 1024K, 21 young (21504K), 3 survivors (3072K)
 Metaspace       used 112510K, committed 114176K, reserved 557056K
  class space    used 15619K, committed 16384K, reserved 425984K
}
Event: 44.123 GC heap after
{Heap after GC invocations=81 (full 0):
 garbage-first heap   total 336896K, used 277895K [0x0000000080000000, 0x0000000100000000)
  region size 1024K, 3 young (3072K), 3 survivors (3072K)
 Metaspace       used 112510K, committed 114176K, reserved 557056K
  class space    used 15619K, committed 16384K, reserved 425984K
}
Event: 44.207 GC heap before
{Heap before GC invocations=81 (full 0):
 garbage-first heap   total 336896K, used 294279K [0x0000000080000000, 0x0000000100000000)
  region size 1024K, 20 young (20480K), 3 survivors (3072K)
 Metaspace       used 112510K, committed 114176K, reserved 557056K
  class space    used 15619K, committed 16384K, reserved 425984K
}
Event: 44.210 GC heap after
{Heap after GC invocations=82 (full 0):
 garbage-first heap   total 336896K, used 278596K [0x0000000080000000, 0x0000000100000000)
  region size 1024K, 3 young (3072K), 3 survivors (3072K)
 Metaspace       used 112510K, committed 114176K, reserved 557056K
  class space    used 15619K, committed 16384K, reserved 425984K
}
Event: 44.332 GC heap before
{Heap before GC invocations=82 (full 0):
 garbage-first heap   total 336896K, used 293956K [0x0000000080000000, 0x0000000100000000)
  region size 1024K, 19 young (19456K), 3 survivors (3072K)
 Metaspace       used 112510K, committed 114176K, reserved 557056K
  class space    used 15619K, committed 16384K, reserved 425984K
}
Event: 44.335 GC heap after
{Heap after GC invocations=83 (full 0):
 garbage-first heap   total 336896K, used 279134K [0x0000000080000000, 0x0000000100000000)
  region size 1024K, 3 young (3072K), 3 survivors (3072K)
 Metaspace       used 112510K, committed 114176K, reserved 557056K
  class space    used 15619K, committed 16384K, reserved 425984K
}
Event: 44.424 GC heap before
{Heap before GC invocations=83 (full 0):
 garbage-first heap   total 336896K, used 294494K [0x0000000080000000, 0x0000000100000000)
  region size 1024K, 19 young (19456K), 3 survivors (3072K)
 Metaspace       used 112510K, committed 114176K, reserved 557056K
  class space    used 15619K, committed 16384K, reserved 425984K
}
Event: 44.427 GC heap after
{Heap after GC invocations=84 (full 0):
 garbage-first heap   total 336896K, used 279439K [0x0000000080000000, 0x0000000100000000)
  region size 1024K, 3 young (3072K), 3 survivors (3072K)
 Metaspace       used 112510K, committed 114176K, reserved 557056K
  class space    used 15619K, committed 16384K, reserved 425984K
}
Event: 44.541 GC heap before
{Heap before GC invocations=84 (full 0):
 garbage-first heap   total 336896K, used 293775K [0x0000000080000000, 0x0000000100000000)
  region size 1024K, 18 young (18432K), 3 survivors (3072K)
 Metaspace       used 112516K, committed 114176K, reserved 557056K
  class space    used 15619K, committed 16384K, reserved 425984K
}

