# JRE version: Java(TM) SE Runtime Environment (17.0.12+8) (build 17.0.12+8-LTS-286)
# Java VM: Java HotSpot(TM) 64-Bit Server VM (17.0.12+8-LTS-286, mixed mode, sharing, tiered, compressed oops, compressed class ptrs, g1 gc, windows-amd64)
GC Precious Log:
 CPUs: 12 total, 12 available
 Memory: 7528M
 Large Page Support: Disabled
 NUMA Support: Disabled
 Compressed Oops: Enabled (32-bit)
 Heap Region Size: 1M
 Heap Min Capacity: 8M
 Heap Initial Capacity: 118M
 Heap Max Capacity: 2G
 Pre-touch: Disabled
 Parallel Workers: 10
 Concurrent Workers: 3
 Concurrent Refinement Workers: 10
 Periodic GC: Disabled
Heap:
 garbage-first heap   total 107520K, used 82369K [0x0000000080000000, 0x0000000100000000)
  region size 1024K, 50 young (51200K), 5 survivors (5120K)
 Metaspace       used 50659K, committed 51264K, reserved 491520K
  class space    used 7158K, committed 7424K, reserved 425984K
GC Heap History (20 events):
Event: 11.110 GC heap before
{Heap before GC invocations=3 (full 0):
 garbage-first heap   total 120832K, used 81920K [0x0000000080000000, 0x0000000100000000)
  region size 1024K, 70 young (71680K), 6 survivors (6144K)
 Metaspace       used 15992K, committed 16256K, reserved 491520K
  class space    used 2231K, committed 2368K, reserved 425984K
}
Event: 11.136 GC heap after
{Heap after GC invocations=4 (full 0):
 garbage-first heap   total 120832K, used 21809K [0x0000000080000000, 0x0000000100000000)
  region size 1024K, 9 young (9216K), 9 survivors (9216K)
 Metaspace       used 15992K, committed 16256K, reserved 491520K
  class space    used 2231K, committed 2368K, reserved 425984K
}
Event: 14.857 GC heap before
{Heap before GC invocations=4 (full 0):
 garbage-first heap   total 120832K, used 65841K [0x0000000080000000, 0x0000000100000000)
  region size 1024K, 53 young (54272K), 9 survivors (9216K)
 Metaspace       used 21256K, committed 21504K, reserved 491520K
  class space    used 3086K, committed 3200K, reserved 425984K
}
Event: 14.868 GC heap after
{Heap after GC invocations=5 (full 0):
 garbage-first heap   total 120832K, used 24813K [0x0000000080000000, 0x0000000100000000)
  region size 1024K, 4 young (4096K), 4 survivors (4096K)
 Metaspace       used 21256K, committed 21504K, reserved 491520K
  class space    used 3086K, committed 3200K, reserved 425984K
}
Event: 19.474 GC heap before
{Heap before GC invocations=6 (full 0):
 garbage-first heap   total 89088K, used 73965K [0x0000000080000000, 0x0000000100000000)
  region size 1024K, 52 young (53248K), 4 survivors (4096K)
 Metaspace       used 27264K, committed 27712K, reserved 491520K
  class space    used 4009K, committed 4224K, reserved 425984K
}
Event: 19.481 GC heap after
{Heap after GC invocations=7 (full 0):
 garbage-first heap   total 89088K, used 26750K [0x0000000080000000, 0x0000000100000000)
  region size 1024K, 6 young (6144K), 6 survivors (6144K)
 Metaspace       used 27264K, committed 27712K, reserved 491520K
  class space    used 4009K, committed 4224K, reserved 425984K
}
Event: 19.692 GC heap before
{Heap before GC invocations=7 (full 0):
 garbage-first heap   total 89088K, used 27774K [0x0000000080000000, 0x0000000100000000)
  region size 1024K, 7 young (7168K), 6 survivors (6144K)
 Metaspace       used 27394K, committed 27840K, reserved 491520K
  class space    used 4032K, committed 4224K, reserved 425984K
}
Event: 19.701 GC heap after
{Heap after GC invocations=8 (full 0):
 garbage-first heap   total 89088K, used 27071K [0x0000000080000000, 0x0000000100000000)
  region size 1024K, 1 young (1024K), 1 survivors (1024K)
 Metaspace       used 27394K, committed 27840K, reserved 491520K
  class space    used 4032K, committed 4224K, reserved 425984K
}
Event: 22.322 GC heap before
{Heap before GC invocations=8 (full 0):
 garbage-first heap   total 89088K, used 65983K [0x0000000080000000, 0x0000000100000000)
  region size 1024K, 40 young (40960K), 1 survivors (1024K)
 Metaspace       used 32672K, committed 33088K, reserved 491520K
  class space    used 4596K, committed 4800K, reserved 425984K
}
Event: 22.327 GC heap after
{Heap after GC invocations=9 (full 0):
 garbage-first heap   total 89088K, used 30748K [0x0000000080000000, 0x0000000100000000)
  region size 1024K, 5 young (5120K), 5 survivors (5120K)
 Metaspace       used 32672K, committed 33088K, reserved 491520K
  class space    used 4596K, committed 4800K, reserved 425984K
}
Event: 23.348 GC heap before
{Heap before GC invocations=9 (full 0):
 garbage-first heap   total 89088K, used 56348K [0x0000000080000000, 0x0000000100000000)
  region size 1024K, 27 young (27648K), 5 survivors (5120K)
 Metaspace       used 35532K, committed 35968K, reserved 491520K
  class space    used 4939K, committed 5120K, reserved 425984K
}
Event: 23.353 GC heap after
{Heap after GC invocations=10 (full 0):
 garbage-first heap   total 89088K, used 32299K [0x0000000080000000, 0x0000000100000000)
  region size 1024K, 3 young (3072K), 3 survivors (3072K)
 Metaspace       used 35532K, committed 35968K, reserved 491520K
  class space    used 4939K, committed 5120K, reserved 425984K
}
Event: 24.404 GC heap before
{Heap before GC invocations=11 (full 0):
 garbage-first heap   total 89088K, used 66091K [0x0000000080000000, 0x0000000100000000)
  region size 1024K, 36 young (36864K), 3 survivors (3072K)
 Metaspace       used 36683K, committed 37184K, reserved 491520K
  class space    used 5134K, committed 5376K, reserved 425984K
}
Event: 24.407 GC heap after
{Heap after GC invocations=12 (full 0):
 garbage-first heap   total 89088K, used 32789K [0x0000000080000000, 0x0000000100000000)
  region size 1024K, 3 young (3072K), 3 survivors (3072K)
 Metaspace       used 36683K, committed 37184K, reserved 491520K
  class space    used 5134K, committed 5376K, reserved 425984K
}
Event: 24.426 GC heap before
{Heap before GC invocations=12 (full 0):
 garbage-first heap   total 89088K, used 32789K [0x0000000080000000, 0x0000000100000000)
  region size 1024K, 4 young (4096K), 3 survivors (3072K)
 Metaspace       used 36841K, committed 37312K, reserved 491520K
  class space    used 5140K, committed 5376K, reserved 425984K
}
Event: 24.429 GC heap after
{Heap after GC invocations=13 (full 0):
 garbage-first heap   total 89088K, used 32986K [0x0000000080000000, 0x0000000100000000)
  region size 1024K, 1 young (1024K), 1 survivors (1024K)
 Metaspace       used 36841K, committed 37312K, reserved 491520K
  class space    used 5140K, committed 5376K, reserved 425984K
}
Event: 26.383 GC heap before
{Heap before GC invocations=13 (full 0):
 garbage-first heap   total 89088K, used 68826K [0x0000000080000000, 0x0000000100000000)
  region size 1024K, 36 young (36864K), 1 survivors (1024K)
 Metaspace       used 40248K, committed 40768K, reserved 491520K
  class space    used 5690K, committed 5952K, reserved 425984K
}
Event: 26.387 GC heap after
{Heap after GC invocations=14 (full 0):
 garbage-first heap   total 107520K, used 34598K [0x0000000080000000, 0x0000000100000000)
  region size 1024K, 3 young (3072K), 3 survivors (3072K)
 Metaspace       used 40248K, committed 40768K, reserved 491520K
  class space    used 5690K, committed 5952K, reserved 425984K
}
Event: 28.593 GC heap before
{Heap before GC invocations=14 (full 0):
 garbage-first heap   total 107520K, used 83750K [0x0000000080000000, 0x0000000100000000)
  region size 1024K, 49 young (50176K), 3 survivors (3072K)
 Metaspace       used 45469K, committed 46016K, reserved 491520K
  class space    used 6373K, committed 6592K, reserved 425984K
}
Event: 28.597 GC heap after
{Heap after GC invocations=15 (full 0):
 garbage-first heap   total 107520K, used 37313K [0x0000000080000000, 0x0000000100000000)
  region size 1024K, 5 young (5120K), 5 survivors (5120K)
 Metaspace       used 45469K, committed 46016K, reserved 491520K
  class space    used 6373K, committed 6592K, reserved 425984K
}

